<?xml version="1.0" encoding="UTF-8" ?>
<testsuite tests="4" failures="0" name="org.example.GradeConverterTest" time="0.001" errors="0" skipped="0">
  <properties>
[...]
</properties>
  <testcase classname="org.example.GradeConverterTest" name="testConvert1" time="0.001"/>
  <testcase classname="org.example.GradeConverterTest" name="testConvert2" time="0"/>
  <testcase classname="org.example.GradeConverterTest" name="testConvert3" time="0"/>
  <testcase classname="org.example.GradeConverterTest" name="testConvert4" time="0"/>
</testsuite>